<?xml version="1.0" encoding="UTF-8"?>
<!-- Generated by org.testng.reporters.JUnitReportReporter -->
<testsuite hostname="Jota" failures="0" tests="2" name="revenue.maven_archetype_quickstart.AmazonTest" time="8.610" errors="0" timestamp="2023-01-25T10:54:22 AEDT" skipped="0">
  <testcase classname="revenue.maven_archetype_quickstart.AmazonTest" name="verifyTitle" time="4.488"/>
  <system-out/>
  <testcase classname="revenue.maven_archetype_quickstart.AmazonTest" name="verifyLogo" time="4.122"/>
  <system-out/>
</testsuite> <!-- revenue.maven_archetype_quickstart.AmazonTest -->
