<?xml version="1.0" encoding="UTF-8"?>
<!-- Generated by org.testng.reporters.JUnitReportReporter -->
<testsuite hostname="Jota" failures="0" tests="2" name="revenue.maven_archetype_quickstart.AccountTest" time="8.106" errors="0" timestamp="2023-01-25T11:31:28 AEDT" skipped="0">
  <testcase classname="revenue.maven_archetype_quickstart.AccountTest" name="showNewAccountOnSubmission" time="7.003"/>
  <system-out/>
  <testcase classname="revenue.maven_archetype_quickstart.AccountTest" name="noAccountsOnPageLoad" time="1.103"/>
  <system-out/>
</testsuite> <!-- revenue.maven_archetype_quickstart.AccountTest -->
