<?xml version="1.0" encoding="UTF-8"?>
<!-- Generated by org.testng.reporters.JUnitReportReporter -->
<testsuite hostname="Jota" failures="0" tests="2" name="revenue.testNG.AmazonTest" time="7.226" errors="0" timestamp="2023-01-25T14:29:05 AEDT" skipped="0">
  <testcase classname="revenue.testNG.AmazonTest" name="verifyTitle" time="3.512"/>
  <system-out/>
  <testcase classname="revenue.testNG.AmazonTest" name="verifyLogo" time="3.714"/>
  <system-out/>
</testsuite> <!-- revenue.testNG.AmazonTest -->
